<?xml version="1.0" encoding="UTF-8"?>
<testng-results ignored="0" total="1" passed="1" failed="0" skipped="0">
  <reporter-output>
  </reporter-output>
  <suite started-at="2023-05-01T00:22:11 GMT-04:00" name="Default suite" finished-at="2023-05-01T00:22:13 GMT-04:00" duration-ms="2133">
    <groups>
    </groups>
    <test started-at="2023-05-01T00:22:11 GMT-04:00" name="Default test" finished-at="2023-05-01T00:22:13 GMT-04:00" duration-ms="2133">
      <class name="com.qa.rest.test.GetCallBDD">
        <test-method signature="test_numberofcircuitsFor2017_Season()[pri:0, instance:com.qa.rest.test.GetCallBDD@56cdfb3b]" started-at="2023-05-01T00:22:11 GMT-04:00" name="test_numberofcircuitsFor2017_Season" finished-at="2023-05-01T00:22:13 GMT-04:00" duration-ms="2080" status="PASS">
          <reporter-output>
          </reporter-output>
        </test-method> <!-- test_numberofcircuitsFor2017_Season -->
      </class> <!-- com.qa.rest.test.GetCallBDD -->
    </test> <!-- Default test -->
  </suite> <!-- Default suite -->
</testng-results>
